2024-11-06T07:17:09.551Z [INFO] - Request - GET /api/v1/scan-files {"apiKey":"unknown","method":"GET","url":"/api/v1/scan-files"}
2024-11-06T07:17:42.291Z [INFO] - Request - GET /api/v1/scan-files {"apiKey":"unknown","method":"GET","url":"/api/v1/scan-files"}
2024-11-06T07:18:32.695Z [INFO] - Request - GET /api/v1/scan-files {"apiKey":"unknown","method":"GET","url":"/api/v1/scan-files"}
2024-11-06T07:42:55.253Z [INFO] - Request - GET /api/v1/scan-files {"apiKey":"unknown","method":"GET","url":"/api/v1/scan-files"}
2024-11-06T18:24:48.313Z [INFO] - Request - GET /api/scan-files {"apiKey":"unknown","method":"GET","url":"/api/scan-files"}
2024-11-06T18:24:52.353Z [INFO] - Request - GET /api/v1/scan-files {"apiKey":"unknown","method":"GET","url":"/api/v1/scan-files"}
2024-11-06T18:24:52.359Z [ERROR] - Error - ENOENT: no such file or directory, scandir '/path/to/your/media/folders' {"apiKey":"unknown","method":"GET","url":"/api/v1/scan-files","stack":"Error: ENOENT: no such file or directory, scandir '/path/to/your/media/folders'\n    at Object.readdirSync (node:fs:1507:26)\n    at scanFolder (/Users/alken/Projects/01 - dester/js-server/src/routes/api/scanFiles/index.ts:23:22)\n    at scanDirectories (/Users/alken/Projects/01 - dester/js-server/src/routes/api/scanFiles/index.ts:67:10)\n    at <anonymous> (/Users/alken/Projects/01 - dester/js-server/src/routes/api/scanFiles/index.ts:72:19)\n    at Layer.handle [as handle_request] (/Users/alken/Projects/01 - dester/js-server/node_modules/.pnpm/express@4.19.2/node_modules/express/lib/router/layer.js:95:5)\n    at next (/Users/alken/Projects/01 - dester/js-server/node_modules/.pnpm/express@4.19.2/node_modules/express/lib/router/route.js:149:13)\n    at Route.dispatch (/Users/alken/Projects/01 - dester/js-server/node_modules/.pnpm/express@4.19.2/node_modules/express/lib/router/route.js:119:3)\n    at Layer.handle [as handle_request] (/Users/alken/Projects/01 - dester/js-server/node_modules/.pnpm/express@4.19.2/node_modules/express/lib/router/layer.js:95:5)\n    at /Users/alken/Projects/01 - dester/js-server/node_modules/.pnpm/express@4.19.2/node_modules/express/lib/router/index.js:284:15\n    at Function.process_params (/Users/alken/Projects/01 - dester/js-server/node_modules/.pnpm/express@4.19.2/node_modules/express/lib/router/index.js:346:12)"}
2024-11-06T18:26:03.738Z [INFO] - Request - GET /api/v1/scan-files {"apiKey":"unknown","method":"GET","url":"/api/v1/scan-files"}
2024-11-06T18:28:59.954Z [INFO] - Request - GET /api/v1/scan-files {"apiKey":"unknown","method":"GET","url":"/api/v1/scan-files"}
2024-11-06T18:29:44.625Z [INFO] - Request - GET /api/v1/scan-files {"apiKey":"unknown","method":"GET","url":"/api/v1/scan-files"}
2024-11-06T18:58:11.834Z [INFO] - Request - GET /api/v1/scan-files {"apiKey":"unknown","method":"GET","url":"/api/v1/scan-files"}
2024-11-06T18:58:26.994Z [INFO] - Request - GET /api/v1/scan-files {"apiKey":"unknown","method":"GET","url":"/api/v1/scan-files"}
2024-11-06T19:03:51.770Z [INFO] - Request - GET /api/v1/scan-files {"apiKey":"unknown","method":"GET","url":"/api/v1/scan-files"}
2024-11-06T19:09:35.279Z [INFO] - Request - GET /api/v1/scan-files {"apiKey":"unknown","method":"GET","url":"/api/v1/scan-files"}
2024-11-06T19:10:47.175Z [INFO] - Request - GET /api/v1/scan-files {"apiKey":"unknown","method":"GET","url":"/api/v1/scan-files"}
2024-11-06T19:18:53.469Z [INFO] - Request - GET /api/v1/scan-files {"apiKey":"unknown","method":"GET","url":"/api/v1/scan-files"}
2024-11-06T19:19:23.485Z [INFO] - Request - GET /api/v1/scan-files {"apiKey":"unknown","method":"GET","url":"/api/v1/scan-files"}
2024-11-06T19:24:49.670Z [INFO] - Request - GET /api/v1/scan-files {"apiKey":"unknown","method":"GET","url":"/api/v1/scan-files"}
2024-11-06T19:25:23.438Z [INFO] - Request - GET /api/v1/scan-files {"apiKey":"unknown","method":"GET","url":"/api/v1/scan-files"}
2024-11-06T19:26:42.509Z [INFO] - Request - GET /api/v1/scan-files {"apiKey":"unknown","method":"GET","url":"/api/v1/scan-files"}
2024-11-06T19:27:11.236Z [INFO] - Request - GET /Users/alken/Projects/01%20-%20dester/js-server/bin/movies/Alien_%20Romulus%20%7Btmdb-945961%7D {"apiKey":"unknown","method":"GET","url":"/Users/alken/Projects/01%20-%20dester/js-server/bin/movies/Alien_%20Romulus%20%7Btmdb-945961%7D"}
2024-11-06T19:27:18.131Z [INFO] - Request - GET /Users/alken/Projects/01%20-%20dester/js-server/bin/movies/Alien%20%7Btmdb-348%7D/demo.mp4 {"apiKey":"unknown","method":"GET","url":"/Users/alken/Projects/01%20-%20dester/js-server/bin/movies/Alien%20%7Btmdb-348%7D/demo.mp4"}
2024-11-06T19:27:31.644Z [INFO] - Request - GET /Users/alken/Projects/01%20-%20dester/js-server/bin/movies/Alien%20%7Btmdb-348%7D/demo.mp4 {"apiKey":"unknown","method":"GET","url":"/Users/alken/Projects/01%20-%20dester/js-server/bin/movies/Alien%20%7Btmdb-348%7D/demo.mp4"}
2024-11-06T19:28:08.645Z [INFO] - Request - GET /Users/alken/Projects/01%20-%20dester/js-server/bin/movies/Alien%20%7Btmdb-348%7D/demo.mp4 {"apiKey":"unknown","method":"GET","url":"/Users/alken/Projects/01%20-%20dester/js-server/bin/movies/Alien%20%7Btmdb-348%7D/demo.mp4"}
2024-11-06T19:29:28.497Z [INFO] - Request - GET /Users/alken/Projects/01%20-%20dester/js-server/bin/movies/Alien%20%7Btmdb-348%7D/demo.mp4 {"apiKey":"unknown","method":"GET","url":"/Users/alken/Projects/01%20-%20dester/js-server/bin/movies/Alien%20%7Btmdb-348%7D/demo.mp4"}
2024-11-06T19:32:49.307Z [INFO] - Request - GET /Users/alken/Projects/01%20-%20dester/js-server/bin/movies/Alien%20%7Btmdb-348%7D {"apiKey":"unknown","method":"GET","url":"/Users/alken/Projects/01%20-%20dester/js-server/bin/movies/Alien%20%7Btmdb-348%7D"}
2024-11-06T19:36:13.066Z [INFO] - Request - GET /Users/alken/Projects/01%20-%20dester/js-server/bin/movies/Alien%20%7Btmdb-348%7D/demo.mp4 {"apiKey":"unknown","method":"GET","url":"/Users/alken/Projects/01%20-%20dester/js-server/bin/movies/Alien%20%7Btmdb-348%7D/demo.mp4"}
2024-11-06T19:48:28.592Z [INFO] - Request - GET /api/v1/scan-files {"apiKey":"unknown","method":"GET","url":"/api/v1/scan-files"}
2024-11-06T19:48:36.339Z [INFO] - Request - GET /Users/alken/Projects/01%20-%20dester/js-server/bin/movies/Alien%20%7Btmdb-348%7D/demo.mp4 {"apiKey":"unknown","method":"GET","url":"/Users/alken/Projects/01%20-%20dester/js-server/bin/movies/Alien%20%7Btmdb-348%7D/demo.mp4"}
2024-11-06T19:51:14.296Z [INFO] - Request - GET /api/v1/scan-files {"apiKey":"unknown","method":"GET","url":"/api/v1/scan-files"}
2024-11-06T19:51:21.308Z [INFO] - Request - GET /Users/alken/Projects/01%20-%20dester/js-server/bin/movies/Alien%20%7Btmdb-348%7D/demo.mp4 {"apiKey":"unknown","method":"GET","url":"/Users/alken/Projects/01%20-%20dester/js-server/bin/movies/Alien%20%7Btmdb-348%7D/demo.mp4"}
2024-11-06T19:52:33.159Z [INFO] - Request - GET /api/v1/scan-files {"apiKey":"unknown","method":"GET","url":"/api/v1/scan-files"}
2024-11-06T19:52:38.958Z [INFO] - Request - GET /Users/alken/Projects/01%20-%20dester/js-server/bin/movies/Alien%20%7Btmdb-348%7D/demo.mp4 {"apiKey":"unknown","method":"GET","url":"/Users/alken/Projects/01%20-%20dester/js-server/bin/movies/Alien%20%7Btmdb-348%7D/demo.mp4"}
2024-11-06T19:55:41.664Z [INFO] - Request - GET /api/v1/scan-files {"apiKey":"unknown","method":"GET","url":"/api/v1/scan-files"}
2024-11-06T19:55:45.780Z [INFO] - Request - GET /Users/alken/Desktop/demo/movies/Alien%20%7Btmdb-348%7D/demo.mp4 {"apiKey":"unknown","method":"GET","url":"/Users/alken/Desktop/demo/movies/Alien%20%7Btmdb-348%7D/demo.mp4"}
2024-11-06T19:58:15.075Z [INFO] - Request - GET /api/v1/scan-files {"apiKey":"unknown","method":"GET","url":"/api/v1/scan-files"}
2024-11-06T20:05:39.178Z [INFO] - Request - GET /api/v1/media?basePath=/Users/alken/Desktop/demo/movies&filePath=Alien%20%7Btmdb-348%7D/demo.mp4 {"apiKey":"unknown","method":"GET","url":"/api/v1/media?basePath=/Users/alken/Desktop/demo/movies&filePath=Alien%20%7Btmdb-348%7D/demo.mp4"}
2024-11-06T20:06:28.792Z [INFO] - Request - GET /api/v1/media?basePath=/Users/alken/Desktop/demo/movies&filePath=Alien%20%7Btmdb-348%7D/demo.mp4 {"apiKey":"unknown","method":"GET","url":"/api/v1/media?basePath=/Users/alken/Desktop/demo/movies&filePath=Alien%20%7Btmdb-348%7D/demo.mp4"}
2024-11-06T20:07:33.652Z [INFO] - Request - GET /api/v1/media?basePath=/Users/alken/Desktop/demo/movies&filePath=Alien%20%7Btmdb-348%7D/demo.mp4 {"apiKey":"unknown","method":"GET","url":"/api/v1/media?basePath=/Users/alken/Desktop/demo/movies&filePath=Alien%20%7Btmdb-348%7D/demo.mp4"}
2024-11-06T20:07:33.692Z [INFO] - Request - GET /api/v1/media?basePath=/Users/alken/Desktop/demo/movies&filePath=Alien%20%7Btmdb-348%7D/demo.mp4 {"apiKey":"unknown","method":"GET","url":"/api/v1/media?basePath=/Users/alken/Desktop/demo/movies&filePath=Alien%20%7Btmdb-348%7D/demo.mp4"}
2024-11-06T20:09:34.647Z [INFO] - Request - GET /api/v1/scan-files {"apiKey":"unknown","method":"GET","url":"/api/v1/scan-files"}
2024-11-06T20:13:01.866Z [INFO] - Request - GET /api/v1/scan-files {"apiKey":"unknown","method":"GET","url":"/api/v1/scan-files"}
2024-11-06T20:13:07.697Z [INFO] - Request - GET /api/v1/media?basePath=/Users/alken/Projects/01%20-%20dester/js-server/bin/movies&filePath=Alien%20{tmdb-348} {"apiKey":"unknown","method":"GET","url":"/api/v1/media?basePath=/Users/alken/Projects/01%20-%20dester/js-server/bin/movies&filePath=Alien%20{tmdb-348}"}
2024-11-06T20:13:23.696Z [INFO] - Request - GET /api/v1/scan-files {"apiKey":"unknown","method":"GET","url":"/api/v1/scan-files"}
2024-11-06T20:13:24.678Z [INFO] - Request - GET /api/v1/media?path=/Users/alken/Projects/01%20-%20dester/js-server/bin/movies/Alien%20{tmdb-348} {"apiKey":"unknown","method":"GET","url":"/api/v1/media?path=/Users/alken/Projects/01%20-%20dester/js-server/bin/movies/Alien%20{tmdb-348}"}
2024-11-06T20:14:26.382Z [INFO] - Request - GET /api/v1/scan-files {"apiKey":"unknown","method":"GET","url":"/api/v1/scan-files"}
2024-11-06T20:14:27.438Z [INFO] - Request - GET /api/v1/media?path=/Users/alken/Projects/01%20-%20dester/js-server/bin/movies/Alien%20{tmdb-348}/demo.mp4 {"apiKey":"unknown","method":"GET","url":"/api/v1/media?path=/Users/alken/Projects/01%20-%20dester/js-server/bin/movies/Alien%20{tmdb-348}/demo.mp4"}
2024-11-06T20:14:27.494Z [INFO] - Request - GET /api/v1/media?path=/Users/alken/Projects/01%20-%20dester/js-server/bin/movies/Alien%20{tmdb-348}/demo.mp4 {"apiKey":"unknown","method":"GET","url":"/api/v1/media?path=/Users/alken/Projects/01%20-%20dester/js-server/bin/movies/Alien%20{tmdb-348}/demo.mp4"}
2024-11-06T20:15:02.014Z [INFO] - Request - GET /api/v1/scan-files {"apiKey":"unknown","method":"GET","url":"/api/v1/scan-files"}
2024-11-06T20:15:07.402Z [INFO] - Request - GET /api/v1/media?path=/Users/alken/Projects/01%20-%20dester/js-server/bin/movies/Alien%20{tmdb-348}/demo.mp4 {"apiKey":"unknown","method":"GET","url":"/api/v1/media?path=/Users/alken/Projects/01%20-%20dester/js-server/bin/movies/Alien%20{tmdb-348}/demo.mp4"}
2024-11-06T20:15:07.749Z [INFO] - Request - GET /api/v1/media?path=/Users/alken/Projects/01%20-%20dester/js-server/bin/movies/Alien%20{tmdb-348}/demo.mp4 {"apiKey":"unknown","method":"GET","url":"/api/v1/media?path=/Users/alken/Projects/01%20-%20dester/js-server/bin/movies/Alien%20{tmdb-348}/demo.mp4"}
2024-11-06T20:16:27.800Z [INFO] - Request - GET /api/v1/scan-files {"apiKey":"unknown","method":"GET","url":"/api/v1/scan-files"}
2024-11-06T20:16:40.165Z [INFO] - Request - GET /Users/alken/Projects/01%20-%20dester/js-server/bin/movies/Alien%20%7Btmdb-348%7D {"apiKey":"unknown","method":"GET","url":"/Users/alken/Projects/01%20-%20dester/js-server/bin/movies/Alien%20%7Btmdb-348%7D"}
2024-11-06T20:21:25.731Z [INFO] - Request - GET /api/v1/scan-files {"apiKey":"unknown","method":"GET","url":"/api/v1/scan-files"}
2024-11-06T20:28:58.238Z [INFO] - Request - GET /api/v1/scan-files {"apiKey":"unknown","method":"GET","url":"/api/v1/scan-files"}
2024-11-06T20:29:43.218Z [INFO] - Request - GET /api/v1/scan-files {"apiKey":"unknown","method":"GET","url":"/api/v1/scan-files"}
2024-11-06T20:30:58.306Z [INFO] - Request - GET /api/v1/scan-files {"apiKey":"unknown","method":"GET","url":"/api/v1/scan-files"}
2024-11-06T20:31:32.799Z [INFO] - Request - GET /api/v1/scan-files {"apiKey":"unknown","method":"GET","url":"/api/v1/scan-files"}
2024-11-06T20:32:30.668Z [INFO] - Request - GET /api/v1/scan-files {"apiKey":"unknown","method":"GET","url":"/api/v1/scan-files"}
2024-11-06T20:36:21.816Z [INFO] - Request - GET /api/v1/scan-files {"apiKey":"unknown","method":"GET","url":"/api/v1/scan-files"}
2024-11-06T20:36:32.126Z [INFO] - Request - GET /api/v1/scan-files {"apiKey":"unknown","method":"GET","url":"/api/v1/scan-files"}
2024-11-07T08:02:29.690Z [INFO] - Request - GET /api/v1/scan-files {"apiKey":"unknown","method":"GET","url":"/api/v1/scan-files"}
2024-11-07T08:03:35.015Z [INFO] - Request - GET /api/v1/scan-files {"apiKey":"unknown","method":"GET","url":"/api/v1/scan-files"}
2024-11-07T08:07:51.234Z [INFO] - Request - GET /api/v1/scan-files {"apiKey":"unknown","method":"GET","url":"/api/v1/scan-files"}
2024-11-07T08:10:57.548Z [INFO] - Request - GET /api/v1/scan-files {"apiKey":"unknown","method":"GET","url":"/api/v1/scan-files"}
2024-11-07T09:25:27.601Z [INFO] - Request - GET /api/v1/scan-files {"apiKey":"unknown","method":"GET","url":"/api/v1/scan-files"}
2024-11-07T09:27:36.522Z [INFO] - Request - GET /api/v1/scan-files {"apiKey":"unknown","method":"GET","url":"/api/v1/scan-files"}
2024-11-07T09:45:42.393Z [INFO] - Request - GET /api/v1/scan-files {"apiKey":"unknown","method":"GET","url":"/api/v1/scan-files"}
2024-11-07T09:46:25.365Z [INFO] - Request - GET /api/v1/scan-files {"apiKey":"unknown","method":"GET","url":"/api/v1/scan-files"}
2024-11-07T09:46:48.603Z [INFO] - Request - GET /api/v1/scan-files {"apiKey":"unknown","method":"GET","url":"/api/v1/scan-files"}
2024-11-07T09:47:50.827Z [INFO] - Request - GET /api/v1/scan-files {"apiKey":"unknown","method":"GET","url":"/api/v1/scan-files"}
2024-11-07T09:48:51.623Z [INFO] - Request - GET /api/v1/scan-files {"apiKey":"unknown","method":"GET","url":"/api/v1/scan-files"}
2024-11-07T09:49:18.936Z [INFO] - Request - GET /api/v1/scan-files {"apiKey":"unknown","method":"GET","url":"/api/v1/scan-files"}
2024-11-07T09:49:42.011Z [INFO] - Request - GET /api/v1/scan-files {"apiKey":"unknown","method":"GET","url":"/api/v1/scan-files"}
2024-11-07T09:50:10.308Z [INFO] - Request - GET /api/v1/scan-files {"apiKey":"unknown","method":"GET","url":"/api/v1/scan-files"}
2024-11-07T09:50:34.589Z [INFO] - Request - GET /api/v1/scan-files {"apiKey":"unknown","method":"GET","url":"/api/v1/scan-files"}
2024-11-07T09:50:47.687Z [INFO] - Request - GET /api/v1/scan-files {"apiKey":"unknown","method":"GET","url":"/api/v1/scan-files"}
2024-11-07T09:52:35.549Z [INFO] - Request - GET /api/v1/scan-files {"apiKey":"unknown","method":"GET","url":"/api/v1/scan-files"}
2024-11-07T09:53:32.209Z [INFO] - Request - GET /api/v1/scan-files {"apiKey":"unknown","method":"GET","url":"/api/v1/scan-files"}
2024-11-07T09:54:14.228Z [INFO] - Request - GET /api/v1/scan-files {"apiKey":"unknown","method":"GET","url":"/api/v1/scan-files"}
2024-11-07T09:55:22.747Z [INFO] - Request - GET /api/v1/scan-files {"apiKey":"unknown","method":"GET","url":"/api/v1/scan-files"}
2024-11-07T09:55:46.892Z [INFO] - Request - GET /api/v1/scan-files {"apiKey":"unknown","method":"GET","url":"/api/v1/scan-files"}
2024-11-07T09:56:13.435Z [INFO] - Request - GET /api/v1/scan-files {"apiKey":"unknown","method":"GET","url":"/api/v1/scan-files"}
2024-11-08T10:17:29.998Z [INFO] - Request - GET /api/v1/scan-files {"apiKey":"unknown","method":"GET","url":"/api/v1/scan-files"}
2024-11-08T10:17:59.020Z [INFO] - Request - GET /api/v1/scan-files {"apiKey":"unknown","method":"GET","url":"/api/v1/scan-files"}
2024-11-08T10:18:42.153Z [INFO] - Request - GET /api/v1/scan-files {"apiKey":"unknown","method":"GET","url":"/api/v1/scan-files"}
2024-11-08T10:18:54.435Z [INFO] - Request - GET /api/v1/scan-files {"apiKey":"unknown","method":"GET","url":"/api/v1/scan-files"}
2024-11-08T10:20:33.098Z [INFO] - Request - GET /api/v1/scan-files {"apiKey":"unknown","method":"GET","url":"/api/v1/scan-files"}
2024-11-08T10:21:39.916Z [INFO] - Request - GET /api/v1/scan-files {"apiKey":"unknown","method":"GET","url":"/api/v1/scan-files"}
2024-11-08T10:23:08.566Z [INFO] - Request - GET /api/v1/scan-files {"apiKey":"unknown","method":"GET","url":"/api/v1/scan-files"}
2024-11-08T10:23:55.389Z [INFO] - Request - GET /api/v1/scan-files {"apiKey":"unknown","method":"GET","url":"/api/v1/scan-files"}
2024-11-08T10:25:40.117Z [INFO] - Request - GET /api/v1/scan-files {"apiKey":"unknown","method":"GET","url":"/api/v1/scan-files"}
2024-11-08T10:25:58.544Z [INFO] - Request - GET /api/v1/scan-files {"apiKey":"unknown","method":"GET","url":"/api/v1/scan-files"}
2024-11-08T10:27:14.717Z [INFO] - Request - GET /api/v1/scan-files {"apiKey":"unknown","method":"GET","url":"/api/v1/scan-files"}
2024-11-08T10:27:55.649Z [INFO] - Request - GET /api/v1/scan-files {"apiKey":"unknown","method":"GET","url":"/api/v1/scan-files"}
2024-11-08T10:30:56.878Z [INFO] - Request - GET /api/v1/scan-files {"apiKey":"unknown","method":"GET","url":"/api/v1/scan-files"}
2024-11-08T10:39:45.139Z [INFO] - Request - GET /api/v1/scan-files {"apiKey":"unknown","method":"GET","url":"/api/v1/scan-files"}
2024-11-08T10:39:46.471Z [INFO] - Request - GET /api/v1/scan-files {"apiKey":"unknown","method":"GET","url":"/api/v1/scan-files"}
2024-11-08T10:39:47.319Z [INFO] - Request - GET /api/v1/scan-files {"apiKey":"unknown","method":"GET","url":"/api/v1/scan-files"}
2024-11-08T10:50:35.419Z [INFO] - Request - GET /api/v1/scan-files/progress {"apiKey":"unknown","method":"GET","url":"/api/v1/scan-files/progress"}
2024-11-08T10:51:24.444Z [INFO] - Request - GET /api/v1/scan-files/progress {"apiKey":"unknown","method":"GET","url":"/api/v1/scan-files/progress"}
2024-11-08T10:51:40.280Z [INFO] - Request - GET /api/v1/scan-files/progress {"apiKey":"unknown","method":"GET","url":"/api/v1/scan-files/progress"}
2024-11-08T10:53:07.327Z [INFO] - Request - GET /api/v1/scan-files {"apiKey":"unknown","method":"GET","url":"/api/v1/scan-files"}
2024-11-08T10:53:10.776Z [INFO] - Request - GET /api/v1/scan-files/progress {"apiKey":"unknown","method":"GET","url":"/api/v1/scan-files/progress"}
2024-11-08T10:54:00.927Z [INFO] - Request - GET /api/v1/scan-files/progress {"apiKey":"unknown","method":"GET","url":"/api/v1/scan-files/progress"}
2024-11-08T10:55:42.210Z [INFO] - Request - GET /api/v1/scan-files/progress {"apiKey":"unknown","method":"GET","url":"/api/v1/scan-files/progress"}
2024-11-08T10:56:07.044Z [INFO] - Request - GET /api/v1/scan-files/progress {"apiKey":"unknown","method":"GET","url":"/api/v1/scan-files/progress"}
2024-11-08T10:56:22.766Z [INFO] - Request - GET /api/v1/scan-files {"apiKey":"unknown","method":"GET","url":"/api/v1/scan-files"}
2024-11-08T10:57:04.569Z [INFO] - Request - GET /api/v1/scan-files/progress {"apiKey":"unknown","method":"GET","url":"/api/v1/scan-files/progress"}
2024-11-08T10:58:08.428Z [INFO] - Request - GET /api/v1/scan-files/progress {"apiKey":"unknown","method":"GET","url":"/api/v1/scan-files/progress"}
2024-11-08T11:13:56.635Z [INFO] - Request - GET /api/v1/scan-files/progress {"apiKey":"unknown","method":"GET","url":"/api/v1/scan-files/progress"}
2024-11-08T11:15:59.551Z [INFO] - Request - GET /api/v1/scan-files/progress {"apiKey":"unknown","method":"GET","url":"/api/v1/scan-files/progress"}
2024-11-08T11:17:56.875Z [INFO] - Request - GET /api/v1/scan-files/ {"apiKey":"unknown","method":"GET","url":"/api/v1/scan-files/"}
2024-11-08T11:18:06.995Z [INFO] - Request - GET /api/v1/scan-files/ {"apiKey":"unknown","method":"GET","url":"/api/v1/scan-files/"}
2024-11-09T06:39:07.840Z [INFO] - Request - GET /api/v1/scan-files/progress {"apiKey":"unknown","method":"GET","url":"/api/v1/scan-files/progress"}
2024-11-09T06:54:42.817Z [INFO] - Request - GET /api/v1/scan-files/progress {"apiKey":"unknown","method":"GET","url":"/api/v1/scan-files/progress"}
2024-11-09T06:54:56.280Z [INFO] - Request - GET /api/v1/scan-files/progress {"apiKey":"unknown","method":"GET","url":"/api/v1/scan-files/progress"}
2024-11-09T06:54:57.096Z [INFO] - Request - GET /api/v1/scan-files/progress {"apiKey":"unknown","method":"GET","url":"/api/v1/scan-files/progress"}
2024-11-09T06:54:57.284Z [INFO] - Request - GET /api/v1/scan-files/progress {"apiKey":"unknown","method":"GET","url":"/api/v1/scan-files/progress"}
2024-11-09T06:55:01.886Z [INFO] - Request - GET /api/v1/scan-files/progress {"apiKey":"unknown","method":"GET","url":"/api/v1/scan-files/progress"}
2024-11-09T06:55:58.064Z [INFO] - Request - GET /api/v1/scan-files/progress {"apiKey":"unknown","method":"GET","url":"/api/v1/scan-files/progress"}
2024-11-09T06:56:49.795Z [INFO] - Request - GET /api/v1/scan-files/progress {"apiKey":"unknown","method":"GET","url":"/api/v1/scan-files/progress"}
2024-11-09T06:56:58.582Z [INFO] - Request - GET /api/v1/scan-files {"apiKey":"unknown","method":"GET","url":"/api/v1/scan-files"}
2024-11-09T06:57:15.754Z [INFO] - Request - GET /api/v1/scan-files {"apiKey":"unknown","method":"GET","url":"/api/v1/scan-files"}
2024-11-09T13:21:25.525Z [INFO] - Request - GET / {"apiKey":"unknown","method":"GET","url":"/"}
2024-11-09T13:21:34.219Z [INFO] - Request - GET /api/v1/scan-files {"apiKey":"unknown","method":"GET","url":"/api/v1/scan-files"}
2024-11-09T13:22:03.131Z [INFO] - Request - POST /api/v1/scan-files {"apiKey":"unknown","method":"POST","url":"/api/v1/scan-files"}
2024-11-09T13:58:13.339Z [INFO] - Request - POST /api/v1/scan-files {"apiKey":"unknown","method":"POST","url":"/api/v1/scan-files"}
2024-11-09T13:58:31.672Z [INFO] - Request - POST /api/v1/scan-files {"apiKey":"unknown","method":"POST","url":"/api/v1/scan-files"}
2024-11-09T13:59:04.856Z [INFO] - Request - POST /api/v1/scan-files {"apiKey":"unknown","method":"POST","url":"/api/v1/scan-files"}
2024-11-09T14:09:38.089Z [INFO] - Request - POST /api/v1/scan-files {"apiKey":"unknown","method":"POST","url":"/api/v1/scan-files"}
2024-11-09T14:10:31.976Z [INFO] - Request - POST /api/v1/scan-files {"apiKey":"unknown","method":"POST","url":"/api/v1/scan-files"}
2024-11-09T14:11:14.667Z [INFO] - Request - POST /api/v1/scan-files {"apiKey":"unknown","method":"POST","url":"/api/v1/scan-files"}
2024-11-09T14:11:50.075Z [INFO] - Request - POST /api/v1/scan-files {"apiKey":"unknown","method":"POST","url":"/api/v1/scan-files"}
2024-11-09T14:14:10.043Z [INFO] - Request - POST /api/v1/scan-files {"apiKey":"unknown","method":"POST","url":"/api/v1/scan-files"}
2024-11-09T14:14:14.475Z [INFO] - Request - POST /api/v1/scan-files {"apiKey":"unknown","method":"POST","url":"/api/v1/scan-files"}
2024-11-09T14:15:35.701Z [INFO] - Request - POST /api/v1/scan-files {"apiKey":"unknown","method":"POST","url":"/api/v1/scan-files"}
2024-11-09T14:15:47.162Z [INFO] - Request - POST /api/v1/scan-files {"apiKey":"unknown","method":"POST","url":"/api/v1/scan-files"}
2024-11-09T14:18:47.142Z [INFO] - Request - POST /api/v1/scan-files {"apiKey":"unknown","method":"POST","url":"/api/v1/scan-files"}
2024-11-09T14:19:14.404Z [INFO] - Request - POST /api/v1/scan-files {"apiKey":"unknown","method":"POST","url":"/api/v1/scan-files"}
2024-11-09T14:19:29.826Z [INFO] - Request - POST /api/v1/scan-files {"apiKey":"unknown","method":"POST","url":"/api/v1/scan-files"}
2024-11-09T14:20:20.404Z [INFO] - Request - POST /api/v1/scan-files {"apiKey":"unknown","method":"POST","url":"/api/v1/scan-files"}
2024-11-10T14:11:26.230Z [INFO] - Request - POST /api/v1/scan-files {"apiKey":"unknown","method":"POST","url":"/api/v1/scan-files"}
2024-11-10T14:11:38.849Z [INFO] - Request - POST /api/v1/generate-metadata {"apiKey":"unknown","method":"POST","url":"/api/v1/generate-metadata"}
2024-11-10T14:12:22.837Z [INFO] - Request - POST /api/v1/generate-metadata {"apiKey":"unknown","method":"POST","url":"/api/v1/generate-metadata"}
2024-11-10T14:13:16.755Z [ERROR] - Error - Expected double-quoted property name in JSON at position 113 {"apiKey":"unknown","method":"POST","url":"/api/v1/generate-metadata","stack":"SyntaxError: Expected double-quoted property name in JSON at position 113\n    at JSON.parse (<anonymous>)\n    at parse (/Users/alken/Projects/01 - dester/js-server/node_modules/.pnpm/body-parser@1.20.2/node_modules/body-parser/lib/types/json.js:92:19)\n    at /Users/alken/Projects/01 - dester/js-server/node_modules/.pnpm/body-parser@1.20.2/node_modules/body-parser/lib/read.js:128:18\n    at AsyncResource.runInAsyncScope (node:async_hooks:206:9)\n    at invokeCallback (/Users/alken/Projects/01 - dester/js-server/node_modules/.pnpm/raw-body@2.5.2/node_modules/raw-body/index.js:238:16)\n    at done (/Users/alken/Projects/01 - dester/js-server/node_modules/.pnpm/raw-body@2.5.2/node_modules/raw-body/index.js:227:7)\n    at IncomingMessage.onEnd (/Users/alken/Projects/01 - dester/js-server/node_modules/.pnpm/raw-body@2.5.2/node_modules/raw-body/index.js:287:7)\n    at IncomingMessage.emit (node:events:519:28)\n    at endReadableNT (node:internal/streams/readable:1696:12)\n    at process.processTicksAndRejections (node:internal/process/task_queues:82:21)"}
2024-11-10T14:13:34.518Z [ERROR] - Error - Expected double-quoted property name in JSON at position 113 {"apiKey":"unknown","method":"POST","url":"/api/v1/generate-metadata","stack":"SyntaxError: Expected double-quoted property name in JSON at position 113\n    at JSON.parse (<anonymous>)\n    at parse (/Users/alken/Projects/01 - dester/js-server/node_modules/.pnpm/body-parser@1.20.2/node_modules/body-parser/lib/types/json.js:92:19)\n    at /Users/alken/Projects/01 - dester/js-server/node_modules/.pnpm/body-parser@1.20.2/node_modules/body-parser/lib/read.js:128:18\n    at AsyncResource.runInAsyncScope (node:async_hooks:206:9)\n    at invokeCallback (/Users/alken/Projects/01 - dester/js-server/node_modules/.pnpm/raw-body@2.5.2/node_modules/raw-body/index.js:238:16)\n    at done (/Users/alken/Projects/01 - dester/js-server/node_modules/.pnpm/raw-body@2.5.2/node_modules/raw-body/index.js:227:7)\n    at IncomingMessage.onEnd (/Users/alken/Projects/01 - dester/js-server/node_modules/.pnpm/raw-body@2.5.2/node_modules/raw-body/index.js:287:7)\n    at IncomingMessage.emit (node:events:519:28)\n    at endReadableNT (node:internal/streams/readable:1696:12)\n    at process.processTicksAndRejections (node:internal/process/task_queues:82:21)"}
2024-11-10T14:13:50.490Z [ERROR] - Error - Expected double-quoted property name in JSON at position 113 {"apiKey":"unknown","method":"POST","url":"/api/v1/generate-metadata","stack":"SyntaxError: Expected double-quoted property name in JSON at position 113\n    at JSON.parse (<anonymous>)\n    at parse (/Users/alken/Projects/01 - dester/js-server/node_modules/.pnpm/body-parser@1.20.2/node_modules/body-parser/lib/types/json.js:92:19)\n    at /Users/alken/Projects/01 - dester/js-server/node_modules/.pnpm/body-parser@1.20.2/node_modules/body-parser/lib/read.js:128:18\n    at AsyncResource.runInAsyncScope (node:async_hooks:206:9)\n    at invokeCallback (/Users/alken/Projects/01 - dester/js-server/node_modules/.pnpm/raw-body@2.5.2/node_modules/raw-body/index.js:238:16)\n    at done (/Users/alken/Projects/01 - dester/js-server/node_modules/.pnpm/raw-body@2.5.2/node_modules/raw-body/index.js:227:7)\n    at IncomingMessage.onEnd (/Users/alken/Projects/01 - dester/js-server/node_modules/.pnpm/raw-body@2.5.2/node_modules/raw-body/index.js:287:7)\n    at IncomingMessage.emit (node:events:519:28)\n    at endReadableNT (node:internal/streams/readable:1696:12)\n    at process.processTicksAndRejections (node:internal/process/task_queues:82:21)"}
2024-11-10T14:13:58.811Z [ERROR] - Error - Expected double-quoted property name in JSON at position 113 {"apiKey":"unknown","method":"POST","url":"/api/v1/generate-metadata","stack":"SyntaxError: Expected double-quoted property name in JSON at position 113\n    at JSON.parse (<anonymous>)\n    at parse (/Users/alken/Projects/01 - dester/js-server/node_modules/.pnpm/body-parser@1.20.2/node_modules/body-parser/lib/types/json.js:92:19)\n    at /Users/alken/Projects/01 - dester/js-server/node_modules/.pnpm/body-parser@1.20.2/node_modules/body-parser/lib/read.js:128:18\n    at AsyncResource.runInAsyncScope (node:async_hooks:206:9)\n    at invokeCallback (/Users/alken/Projects/01 - dester/js-server/node_modules/.pnpm/raw-body@2.5.2/node_modules/raw-body/index.js:238:16)\n    at done (/Users/alken/Projects/01 - dester/js-server/node_modules/.pnpm/raw-body@2.5.2/node_modules/raw-body/index.js:227:7)\n    at IncomingMessage.onEnd (/Users/alken/Projects/01 - dester/js-server/node_modules/.pnpm/raw-body@2.5.2/node_modules/raw-body/index.js:287:7)\n    at IncomingMessage.emit (node:events:519:28)\n    at endReadableNT (node:internal/streams/readable:1696:12)\n    at process.processTicksAndRejections (node:internal/process/task_queues:82:21)"}
2024-11-10T14:14:41.582Z [ERROR] - Error - Expected double-quoted property name in JSON at position 113 {"apiKey":"unknown","method":"POST","url":"/api/v1/generate-metadata","stack":"SyntaxError: Expected double-quoted property name in JSON at position 113\n    at JSON.parse (<anonymous>)\n    at parse (/Users/alken/Projects/01 - dester/js-server/node_modules/.pnpm/body-parser@1.20.2/node_modules/body-parser/lib/types/json.js:92:19)\n    at /Users/alken/Projects/01 - dester/js-server/node_modules/.pnpm/body-parser@1.20.2/node_modules/body-parser/lib/read.js:128:18\n    at AsyncResource.runInAsyncScope (node:async_hooks:206:9)\n    at invokeCallback (/Users/alken/Projects/01 - dester/js-server/node_modules/.pnpm/raw-body@2.5.2/node_modules/raw-body/index.js:238:16)\n    at done (/Users/alken/Projects/01 - dester/js-server/node_modules/.pnpm/raw-body@2.5.2/node_modules/raw-body/index.js:227:7)\n    at IncomingMessage.onEnd (/Users/alken/Projects/01 - dester/js-server/node_modules/.pnpm/raw-body@2.5.2/node_modules/raw-body/index.js:287:7)\n    at IncomingMessage.emit (node:events:519:28)\n    at endReadableNT (node:internal/streams/readable:1696:12)\n    at process.processTicksAndRejections (node:internal/process/task_queues:82:21)"}
2024-11-10T14:14:53.005Z [ERROR] - Error - Expected double-quoted property name in JSON at position 113 {"apiKey":"unknown","method":"POST","url":"/api/v1/generate-metadata","stack":"SyntaxError: Expected double-quoted property name in JSON at position 113\n    at JSON.parse (<anonymous>)\n    at parse (/Users/alken/Projects/01 - dester/js-server/node_modules/.pnpm/body-parser@1.20.2/node_modules/body-parser/lib/types/json.js:92:19)\n    at /Users/alken/Projects/01 - dester/js-server/node_modules/.pnpm/body-parser@1.20.2/node_modules/body-parser/lib/read.js:128:18\n    at AsyncResource.runInAsyncScope (node:async_hooks:206:9)\n    at invokeCallback (/Users/alken/Projects/01 - dester/js-server/node_modules/.pnpm/raw-body@2.5.2/node_modules/raw-body/index.js:238:16)\n    at done (/Users/alken/Projects/01 - dester/js-server/node_modules/.pnpm/raw-body@2.5.2/node_modules/raw-body/index.js:227:7)\n    at IncomingMessage.onEnd (/Users/alken/Projects/01 - dester/js-server/node_modules/.pnpm/raw-body@2.5.2/node_modules/raw-body/index.js:287:7)\n    at IncomingMessage.emit (node:events:519:28)\n    at endReadableNT (node:internal/streams/readable:1696:12)\n    at process.processTicksAndRejections (node:internal/process/task_queues:82:21)"}
2024-11-10T14:15:00.839Z [ERROR] - Error - Expected double-quoted property name in JSON at position 113 {"apiKey":"unknown","method":"POST","url":"/api/v1/generate-metadata","stack":"SyntaxError: Expected double-quoted property name in JSON at position 113\n    at JSON.parse (<anonymous>)\n    at parse (/Users/alken/Projects/01 - dester/js-server/node_modules/.pnpm/body-parser@1.20.2/node_modules/body-parser/lib/types/json.js:92:19)\n    at /Users/alken/Projects/01 - dester/js-server/node_modules/.pnpm/body-parser@1.20.2/node_modules/body-parser/lib/read.js:128:18\n    at AsyncResource.runInAsyncScope (node:async_hooks:206:9)\n    at invokeCallback (/Users/alken/Projects/01 - dester/js-server/node_modules/.pnpm/raw-body@2.5.2/node_modules/raw-body/index.js:238:16)\n    at done (/Users/alken/Projects/01 - dester/js-server/node_modules/.pnpm/raw-body@2.5.2/node_modules/raw-body/index.js:227:7)\n    at IncomingMessage.onEnd (/Users/alken/Projects/01 - dester/js-server/node_modules/.pnpm/raw-body@2.5.2/node_modules/raw-body/index.js:287:7)\n    at IncomingMessage.emit (node:events:519:28)\n    at endReadableNT (node:internal/streams/readable:1696:12)\n    at process.processTicksAndRejections (node:internal/process/task_queues:82:21)"}
2024-11-10T14:15:08.861Z [ERROR] - Error - Expected double-quoted property name in JSON at position 112 {"apiKey":"unknown","method":"POST","url":"/api/v1/generate-metadata","stack":"SyntaxError: Expected double-quoted property name in JSON at position 112\n    at JSON.parse (<anonymous>)\n    at parse (/Users/alken/Projects/01 - dester/js-server/node_modules/.pnpm/body-parser@1.20.2/node_modules/body-parser/lib/types/json.js:92:19)\n    at /Users/alken/Projects/01 - dester/js-server/node_modules/.pnpm/body-parser@1.20.2/node_modules/body-parser/lib/read.js:128:18\n    at AsyncResource.runInAsyncScope (node:async_hooks:206:9)\n    at invokeCallback (/Users/alken/Projects/01 - dester/js-server/node_modules/.pnpm/raw-body@2.5.2/node_modules/raw-body/index.js:238:16)\n    at done (/Users/alken/Projects/01 - dester/js-server/node_modules/.pnpm/raw-body@2.5.2/node_modules/raw-body/index.js:227:7)\n    at IncomingMessage.onEnd (/Users/alken/Projects/01 - dester/js-server/node_modules/.pnpm/raw-body@2.5.2/node_modules/raw-body/index.js:287:7)\n    at IncomingMessage.emit (node:events:519:28)\n    at endReadableNT (node:internal/streams/readable:1696:12)\n    at process.processTicksAndRejections (node:internal/process/task_queues:82:21)"}
2024-11-10T14:15:17.160Z [ERROR] - Error - Expected double-quoted property name in JSON at position 112 {"apiKey":"unknown","method":"POST","url":"/api/v1/generate-metadata","stack":"SyntaxError: Expected double-quoted property name in JSON at position 112\n    at JSON.parse (<anonymous>)\n    at parse (/Users/alken/Projects/01 - dester/js-server/node_modules/.pnpm/body-parser@1.20.2/node_modules/body-parser/lib/types/json.js:92:19)\n    at /Users/alken/Projects/01 - dester/js-server/node_modules/.pnpm/body-parser@1.20.2/node_modules/body-parser/lib/read.js:128:18\n    at AsyncResource.runInAsyncScope (node:async_hooks:206:9)\n    at invokeCallback (/Users/alken/Projects/01 - dester/js-server/node_modules/.pnpm/raw-body@2.5.2/node_modules/raw-body/index.js:238:16)\n    at done (/Users/alken/Projects/01 - dester/js-server/node_modules/.pnpm/raw-body@2.5.2/node_modules/raw-body/index.js:227:7)\n    at IncomingMessage.onEnd (/Users/alken/Projects/01 - dester/js-server/node_modules/.pnpm/raw-body@2.5.2/node_modules/raw-body/index.js:287:7)\n    at IncomingMessage.emit (node:events:519:28)\n    at endReadableNT (node:internal/streams/readable:1696:12)\n    at process.processTicksAndRejections (node:internal/process/task_queues:82:21)"}
2024-11-10T14:15:23.625Z [ERROR] - Error - Expected double-quoted property name in JSON at position 112 {"apiKey":"unknown","method":"POST","url":"/api/v1/generate-metadata","stack":"SyntaxError: Expected double-quoted property name in JSON at position 112\n    at JSON.parse (<anonymous>)\n    at parse (/Users/alken/Projects/01 - dester/js-server/node_modules/.pnpm/body-parser@1.20.2/node_modules/body-parser/lib/types/json.js:92:19)\n    at /Users/alken/Projects/01 - dester/js-server/node_modules/.pnpm/body-parser@1.20.2/node_modules/body-parser/lib/read.js:128:18\n    at AsyncResource.runInAsyncScope (node:async_hooks:206:9)\n    at invokeCallback (/Users/alken/Projects/01 - dester/js-server/node_modules/.pnpm/raw-body@2.5.2/node_modules/raw-body/index.js:238:16)\n    at done (/Users/alken/Projects/01 - dester/js-server/node_modules/.pnpm/raw-body@2.5.2/node_modules/raw-body/index.js:227:7)\n    at IncomingMessage.onEnd (/Users/alken/Projects/01 - dester/js-server/node_modules/.pnpm/raw-body@2.5.2/node_modules/raw-body/index.js:287:7)\n    at IncomingMessage.emit (node:events:519:28)\n    at endReadableNT (node:internal/streams/readable:1696:12)\n    at process.processTicksAndRejections (node:internal/process/task_queues:82:21)"}
2024-11-10T14:15:46.483Z [ERROR] - Error - Expected double-quoted property name in JSON at position 112 {"apiKey":"unknown","method":"POST","url":"/api/v1/generate-metadata","stack":"SyntaxError: Expected double-quoted property name in JSON at position 112\n    at JSON.parse (<anonymous>)\n    at parse (/Users/alken/Projects/01 - dester/js-server/node_modules/.pnpm/body-parser@1.20.2/node_modules/body-parser/lib/types/json.js:92:19)\n    at /Users/alken/Projects/01 - dester/js-server/node_modules/.pnpm/body-parser@1.20.2/node_modules/body-parser/lib/read.js:128:18\n    at AsyncResource.runInAsyncScope (node:async_hooks:206:9)\n    at invokeCallback (/Users/alken/Projects/01 - dester/js-server/node_modules/.pnpm/raw-body@2.5.2/node_modules/raw-body/index.js:238:16)\n    at done (/Users/alken/Projects/01 - dester/js-server/node_modules/.pnpm/raw-body@2.5.2/node_modules/raw-body/index.js:227:7)\n    at IncomingMessage.onEnd (/Users/alken/Projects/01 - dester/js-server/node_modules/.pnpm/raw-body@2.5.2/node_modules/raw-body/index.js:287:7)\n    at IncomingMessage.emit (node:events:519:28)\n    at endReadableNT (node:internal/streams/readable:1696:12)\n    at process.processTicksAndRejections (node:internal/process/task_queues:82:21)"}
2024-11-10T14:15:56.343Z [ERROR] - Error - Expected double-quoted property name in JSON at position 112 {"apiKey":"unknown","method":"POST","url":"/api/v1/generate-metadata","stack":"SyntaxError: Expected double-quoted property name in JSON at position 112\n    at JSON.parse (<anonymous>)\n    at parse (/Users/alken/Projects/01 - dester/js-server/node_modules/.pnpm/body-parser@1.20.2/node_modules/body-parser/lib/types/json.js:92:19)\n    at /Users/alken/Projects/01 - dester/js-server/node_modules/.pnpm/body-parser@1.20.2/node_modules/body-parser/lib/read.js:128:18\n    at AsyncResource.runInAsyncScope (node:async_hooks:206:9)\n    at invokeCallback (/Users/alken/Projects/01 - dester/js-server/node_modules/.pnpm/raw-body@2.5.2/node_modules/raw-body/index.js:238:16)\n    at done (/Users/alken/Projects/01 - dester/js-server/node_modules/.pnpm/raw-body@2.5.2/node_modules/raw-body/index.js:227:7)\n    at IncomingMessage.onEnd (/Users/alken/Projects/01 - dester/js-server/node_modules/.pnpm/raw-body@2.5.2/node_modules/raw-body/index.js:287:7)\n    at IncomingMessage.emit (node:events:519:28)\n    at endReadableNT (node:internal/streams/readable:1696:12)\n    at process.processTicksAndRejections (node:internal/process/task_queues:82:21)"}
2024-11-10T14:16:16.407Z [ERROR] - Error - Expected double-quoted property name in JSON at position 112 {"apiKey":"unknown","method":"POST","url":"/api/v1/generate-metadata","stack":"SyntaxError: Expected double-quoted property name in JSON at position 112\n    at JSON.parse (<anonymous>)\n    at parse (/Users/alken/Projects/01 - dester/js-server/node_modules/.pnpm/body-parser@1.20.2/node_modules/body-parser/lib/types/json.js:92:19)\n    at /Users/alken/Projects/01 - dester/js-server/node_modules/.pnpm/body-parser@1.20.2/node_modules/body-parser/lib/read.js:128:18\n    at AsyncResource.runInAsyncScope (node:async_hooks:206:9)\n    at invokeCallback (/Users/alken/Projects/01 - dester/js-server/node_modules/.pnpm/raw-body@2.5.2/node_modules/raw-body/index.js:238:16)\n    at done (/Users/alken/Projects/01 - dester/js-server/node_modules/.pnpm/raw-body@2.5.2/node_modules/raw-body/index.js:227:7)\n    at IncomingMessage.onEnd (/Users/alken/Projects/01 - dester/js-server/node_modules/.pnpm/raw-body@2.5.2/node_modules/raw-body/index.js:287:7)\n    at IncomingMessage.emit (node:events:519:28)\n    at endReadableNT (node:internal/streams/readable:1696:12)\n    at process.processTicksAndRejections (node:internal/process/task_queues:82:21)"}
2024-11-10T14:17:07.892Z [ERROR] - Error - Expected double-quoted property name in JSON at position 112 {"apiKey":"unknown","method":"POST","url":"/api/v1/generate-metadata","stack":"SyntaxError: Expected double-quoted property name in JSON at position 112\n    at JSON.parse (<anonymous>)\n    at parse (/Users/alken/Projects/01 - dester/js-server/node_modules/.pnpm/body-parser@1.20.2/node_modules/body-parser/lib/types/json.js:92:19)\n    at /Users/alken/Projects/01 - dester/js-server/node_modules/.pnpm/body-parser@1.20.2/node_modules/body-parser/lib/read.js:128:18\n    at AsyncResource.runInAsyncScope (node:async_hooks:206:9)\n    at invokeCallback (/Users/alken/Projects/01 - dester/js-server/node_modules/.pnpm/raw-body@2.5.2/node_modules/raw-body/index.js:238:16)\n    at done (/Users/alken/Projects/01 - dester/js-server/node_modules/.pnpm/raw-body@2.5.2/node_modules/raw-body/index.js:227:7)\n    at IncomingMessage.onEnd (/Users/alken/Projects/01 - dester/js-server/node_modules/.pnpm/raw-body@2.5.2/node_modules/raw-body/index.js:287:7)\n    at IncomingMessage.emit (node:events:519:28)\n    at endReadableNT (node:internal/streams/readable:1696:12)\n    at process.processTicksAndRejections (node:internal/process/task_queues:82:21)"}
2024-11-10T14:17:41.642Z [ERROR] - Error - Expected double-quoted property name in JSON at position 112 {"apiKey":"unknown","method":"POST","url":"/api/v1/generate-metadata","stack":"SyntaxError: Expected double-quoted property name in JSON at position 112\n    at JSON.parse (<anonymous>)\n    at parse (/Users/alken/Projects/01 - dester/js-server/node_modules/.pnpm/body-parser@1.20.2/node_modules/body-parser/lib/types/json.js:92:19)\n    at /Users/alken/Projects/01 - dester/js-server/node_modules/.pnpm/body-parser@1.20.2/node_modules/body-parser/lib/read.js:128:18\n    at AsyncResource.runInAsyncScope (node:async_hooks:206:9)\n    at invokeCallback (/Users/alken/Projects/01 - dester/js-server/node_modules/.pnpm/raw-body@2.5.2/node_modules/raw-body/index.js:238:16)\n    at done (/Users/alken/Projects/01 - dester/js-server/node_modules/.pnpm/raw-body@2.5.2/node_modules/raw-body/index.js:227:7)\n    at IncomingMessage.onEnd (/Users/alken/Projects/01 - dester/js-server/node_modules/.pnpm/raw-body@2.5.2/node_modules/raw-body/index.js:287:7)\n    at IncomingMessage.emit (node:events:519:28)\n    at endReadableNT (node:internal/streams/readable:1696:12)\n    at process.processTicksAndRejections (node:internal/process/task_queues:82:21)"}
2024-11-10T14:18:01.220Z [INFO] - Request - POST /api/v1/generate-metadata {"apiKey":"unknown","method":"POST","url":"/api/v1/generate-metadata"}
2024-11-10T14:18:19.592Z [INFO] - Request - POST /api/v1/generate-metadata {"apiKey":"unknown","method":"POST","url":"/api/v1/generate-metadata"}
2024-11-10T14:20:11.790Z [INFO] - Request - POST /api/v1/generate-metadata {"apiKey":"unknown","method":"POST","url":"/api/v1/generate-metadata"}
2024-11-10T14:20:11.810Z [ERROR] - Error - Cannot read properties of undefined (reading 'join') {"apiKey":"unknown","method":"POST","url":"/api/v1/generate-metadata","stack":"TypeError: Cannot read properties of undefined (reading 'join')\n    at <anonymous> (/Users/alken/Projects/01 - dester/js-server/src/routes/api/generate-metadata/index.ts:27:32)\n    at Layer.handle [as handle_request] (/Users/alken/Projects/01 - dester/js-server/node_modules/.pnpm/express@4.19.2/node_modules/express/lib/router/layer.js:95:5)\n    at next (/Users/alken/Projects/01 - dester/js-server/node_modules/.pnpm/express@4.19.2/node_modules/express/lib/router/route.js:149:13)\n    at Route.dispatch (/Users/alken/Projects/01 - dester/js-server/node_modules/.pnpm/express@4.19.2/node_modules/express/lib/router/route.js:119:3)\n    at Layer.handle [as handle_request] (/Users/alken/Projects/01 - dester/js-server/node_modules/.pnpm/express@4.19.2/node_modules/express/lib/router/layer.js:95:5)\n    at /Users/alken/Projects/01 - dester/js-server/node_modules/.pnpm/express@4.19.2/node_modules/express/lib/router/index.js:284:15\n    at Function.process_params (/Users/alken/Projects/01 - dester/js-server/node_modules/.pnpm/express@4.19.2/node_modules/express/lib/router/index.js:346:12)\n    at next (/Users/alken/Projects/01 - dester/js-server/node_modules/.pnpm/express@4.19.2/node_modules/express/lib/router/index.js:280:10)\n    at Function.handle (/Users/alken/Projects/01 - dester/js-server/node_modules/.pnpm/express@4.19.2/node_modules/express/lib/router/index.js:175:3)\n    at router (/Users/alken/Projects/01 - dester/js-server/node_modules/.pnpm/express@4.19.2/node_modules/express/lib/router/index.js:47:12)"}
2024-11-10T14:22:03.920Z [INFO] - Request - POST /api/v1/generate-metadata {"apiKey":"unknown","method":"POST","url":"/api/v1/generate-metadata"}
2024-11-10T14:25:36.623Z [INFO] - Request - POST /api/v1/generate-metadata {"apiKey":"unknown","method":"POST","url":"/api/v1/generate-metadata"}
2024-11-10T14:26:10.758Z [INFO] - Request - POST /api/v1/generate-metadata {"apiKey":"unknown","method":"POST","url":"/api/v1/generate-metadata"}
2024-11-10T14:28:22.673Z [INFO] - Request - POST /api/v1/generate-metadata {"apiKey":"unknown","method":"POST","url":"/api/v1/generate-metadata"}
2024-11-10T14:28:37.597Z [INFO] - Request - POST /api/v1/generate-metadata {"apiKey":"unknown","method":"POST","url":"/api/v1/generate-metadata"}
2024-11-10T14:31:14.084Z [INFO] - Request - POST /api/v1/generate-metadata {"apiKey":"unknown","method":"POST","url":"/api/v1/generate-metadata"}
2024-11-10T14:34:40.834Z [INFO] - Request - POST /api/v1/generate-metadata {"apiKey":"unknown","method":"POST","url":"/api/v1/generate-metadata"}
2024-11-10T14:37:29.841Z [INFO] - Request - POST /api/v1/generate-metadata {"apiKey":"unknown","method":"POST","url":"/api/v1/generate-metadata"}
2024-11-10T14:38:30.262Z [INFO] - Request - POST /api/v1/generate-metadata {"apiKey":"unknown","method":"POST","url":"/api/v1/generate-metadata"}
2024-11-10T14:39:20.381Z [INFO] - Request - POST /api/v1/generate-metadata {"apiKey":"unknown","method":"POST","url":"/api/v1/generate-metadata"}
2024-11-10T14:40:15.884Z [INFO] - Request - POST /api/v1/generate-metadata {"apiKey":"unknown","method":"POST","url":"/api/v1/generate-metadata"}
2024-11-10T14:40:26.600Z [INFO] - Request - POST /api/v1/generate-metadata {"apiKey":"unknown","method":"POST","url":"/api/v1/generate-metadata"}
2024-11-10T14:41:22.897Z [INFO] - Request - POST /api/v1/generate-metadata {"apiKey":"unknown","method":"POST","url":"/api/v1/generate-metadata"}
2024-11-10T14:41:24.969Z [INFO] - Request - POST /api/v1/generate-metadata {"apiKey":"unknown","method":"POST","url":"/api/v1/generate-metadata"}
2024-11-10T14:42:05.856Z [INFO] - Request - POST /api/v1/generate-metadata {"apiKey":"unknown","method":"POST","url":"/api/v1/generate-metadata"}
2024-11-10T14:42:25.041Z [INFO] - Request - POST /api/v1/generate-metadata {"apiKey":"unknown","method":"POST","url":"/api/v1/generate-metadata"}
2024-11-10T14:45:21.430Z [INFO] - Request - POST /api/v1/generate-metadata {"apiKey":"unknown","method":"POST","url":"/api/v1/generate-metadata"}
2024-11-10T14:46:37.483Z [INFO] - Request - POST /api/v1/generate-metadata {"apiKey":"unknown","method":"POST","url":"/api/v1/generate-metadata"}
2024-11-10T14:48:01.480Z [INFO] - Request - POST /api/v1/generate-metadata {"apiKey":"unknown","method":"POST","url":"/api/v1/generate-metadata"}
2024-11-10T14:49:39.753Z [INFO] - Request - POST /api/v1/generate-metadata {"apiKey":"unknown","method":"POST","url":"/api/v1/generate-metadata"}
2024-11-10T14:50:13.314Z [INFO] - Request - POST /api/v1/generate-metadata {"apiKey":"unknown","method":"POST","url":"/api/v1/generate-metadata"}
2024-11-10T14:50:59.242Z [INFO] - Request - POST /api/v1/generate-metadata {"apiKey":"unknown","method":"POST","url":"/api/v1/generate-metadata"}
2024-11-10T14:52:23.363Z [INFO] - Request - POST /api/v1/generate-metadata {"apiKey":"unknown","method":"POST","url":"/api/v1/generate-metadata"}
2024-11-10T14:54:20.529Z [INFO] - Request - POST /api/v1/generate-metadata {"apiKey":"unknown","method":"POST","url":"/api/v1/generate-metadata"}
2024-11-10T19:13:28.390Z [INFO] - Request - POST /api/v1/generate-metadata {"apiKey":"unknown","method":"POST","url":"/api/v1/generate-metadata"}
2024-11-10T19:13:40.238Z [INFO] - Request - POST /api/v1/generate-metadata {"apiKey":"unknown","method":"POST","url":"/api/v1/generate-metadata"}
2024-11-10T19:50:13.751Z [INFO] - Request - POST /api/v1/generate-metadata {"apiKey":"unknown","method":"POST","url":"/api/v1/generate-metadata"}
2024-11-10T19:52:20.297Z [INFO] - Request - POST /api/v1/generate-metadata {"apiKey":"unknown","method":"POST","url":"/api/v1/generate-metadata"}
2024-11-10T19:52:55.319Z [INFO] - Request - POST /api/v1/generate-metadata {"apiKey":"unknown","method":"POST","url":"/api/v1/generate-metadata"}
2024-11-10T19:54:07.486Z [INFO] - Request - POST /api/v1/generate-metadata {"apiKey":"unknown","method":"POST","url":"/api/v1/generate-metadata"}
2024-11-10T19:55:06.570Z [INFO] - Request - POST /api/v1/generate-metadata {"apiKey":"unknown","method":"POST","url":"/api/v1/generate-metadata"}
2024-11-10T19:55:26.975Z [INFO] - Request - POST /api/v1/generate-metadata {"apiKey":"unknown","method":"POST","url":"/api/v1/generate-metadata"}
2024-11-10T19:55:35.697Z [INFO] - Request - POST /api/v1/generate-metadata {"apiKey":"unknown","method":"POST","url":"/api/v1/generate-metadata"}
2024-11-10T20:00:03.784Z [INFO] - Request - POST /api/v1/generate-metadata {"apiKey":"unknown","method":"POST","url":"/api/v1/generate-metadata"}
2024-11-10T20:02:06.840Z [INFO] - Request - POST /api/v1/generate-metadata {"apiKey":"unknown","method":"POST","url":"/api/v1/generate-metadata"}
2024-11-10T20:02:36.575Z [INFO] - Request - POST /api/v1/generate-metadata {"apiKey":"unknown","method":"POST","url":"/api/v1/generate-metadata"}
2024-11-10T20:04:42.084Z [INFO] - Request - POST /api/v1/generate-metadata {"apiKey":"unknown","method":"POST","url":"/api/v1/generate-metadata"}
2024-11-10T20:05:06.230Z [INFO] - Request - POST /api/v1/generate-metadata {"apiKey":"unknown","method":"POST","url":"/api/v1/generate-metadata"}
2024-11-10T20:06:36.178Z [INFO] - Request - POST /api/v1/generate-metadata {"apiKey":"unknown","method":"POST","url":"/api/v1/generate-metadata"}
2024-11-10T20:07:58.584Z [INFO] - Request - POST /api/v1/generate-metadata {"apiKey":"unknown","method":"POST","url":"/api/v1/generate-metadata"}
2024-11-10T20:09:44.292Z [INFO] - Request - POST /api/v1/generate-metadata {"apiKey":"unknown","method":"POST","url":"/api/v1/generate-metadata"}
2024-11-10T20:12:48.265Z [INFO] - Request - POST /api/v1/generate-metadata {"apiKey":"unknown","method":"POST","url":"/api/v1/generate-metadata"}
2024-11-10T20:17:53.014Z [INFO] - Request - POST /api/v1/generate-metadata {"apiKey":"unknown","method":"POST","url":"/api/v1/generate-metadata"}
2024-11-10T20:18:29.366Z [INFO] - Request - POST /api/v1/generate-metadata {"apiKey":"unknown","method":"POST","url":"/api/v1/generate-metadata"}
2024-11-10T20:18:40.067Z [INFO] - Request - POST /api/v1/generate-metadata {"apiKey":"unknown","method":"POST","url":"/api/v1/generate-metadata"}
2024-11-10T20:21:06.584Z [INFO] - Request - POST /api/v1/generate-metadata {"apiKey":"unknown","method":"POST","url":"/api/v1/generate-metadata"}
2024-11-10T20:22:55.647Z [INFO] - Request - POST /api/v1/generate-metadata {"apiKey":"unknown","method":"POST","url":"/api/v1/generate-metadata"}
2024-11-10T20:23:11.889Z [INFO] - Request - POST /api/v1/generate-metadata {"apiKey":"unknown","method":"POST","url":"/api/v1/generate-metadata"}
2024-11-10T20:23:43.914Z [INFO] - Request - POST /api/v1/generate-metadata {"apiKey":"unknown","method":"POST","url":"/api/v1/generate-metadata"}
2024-11-10T20:24:14.818Z [INFO] - Request - POST /api/v1/generate-metadata {"apiKey":"unknown","method":"POST","url":"/api/v1/generate-metadata"}
2024-11-10T20:25:07.335Z [INFO] - Request - POST /api/v1/generate-metadata {"apiKey":"unknown","method":"POST","url":"/api/v1/generate-metadata"}
2024-11-10T20:25:38.367Z [INFO] - Request - POST /api/v1/generate-metadata {"apiKey":"unknown","method":"POST","url":"/api/v1/generate-metadata"}
2024-11-10T20:26:38.095Z [INFO] - Request - POST /api/v1/generate-metadata {"apiKey":"unknown","method":"POST","url":"/api/v1/generate-metadata"}
2024-11-10T20:27:37.704Z [INFO] - Request - POST /api/v1/generate-metadata {"apiKey":"unknown","method":"POST","url":"/api/v1/generate-metadata"}
2024-11-10T20:35:13.350Z [INFO] - Request - POST /api/v1/generate-metadata {"apiKey":"unknown","method":"POST","url":"/api/v1/generate-metadata"}
2024-11-10T20:36:26.090Z [INFO] - Request - POST /api/v1/generate-metadata {"apiKey":"unknown","method":"POST","url":"/api/v1/generate-metadata"}
2024-11-10T20:37:02.667Z [INFO] - Request - POST /api/v1/generate-metadata {"apiKey":"unknown","method":"POST","url":"/api/v1/generate-metadata"}
2024-11-10T20:38:46.956Z [INFO] - Request - POST /api/v1/generate-metadata {"apiKey":"unknown","method":"POST","url":"/api/v1/generate-metadata"}
2024-11-10T20:39:09.206Z [INFO] - Request - POST /api/v1/generate-metadata {"apiKey":"unknown","method":"POST","url":"/api/v1/generate-metadata"}
2024-11-10T20:42:14.788Z [INFO] - Request - POST /api/v1/generate-metadata {"apiKey":"unknown","method":"POST","url":"/api/v1/generate-metadata"}
2024-11-10T20:44:16.151Z [INFO] - Request - POST /api/v1/generate-metadata {"apiKey":"unknown","method":"POST","url":"/api/v1/generate-metadata"}
2024-11-10T20:45:17.253Z [INFO] - Request - POST /api/v1/generate-metadata {"apiKey":"unknown","method":"POST","url":"/api/v1/generate-metadata"}
2024-11-10T20:53:58.573Z [INFO] - Request - POST /api/v1/generate-metadata {"apiKey":"unknown","method":"POST","url":"/api/v1/generate-metadata"}
2024-11-10T20:54:11.399Z [INFO] - Request - POST /api/v1/generate-metadata {"apiKey":"unknown","method":"POST","url":"/api/v1/generate-metadata"}
2024-11-10T20:55:58.338Z [INFO] - Request - POST /api/v1/generate-metadata {"apiKey":"unknown","method":"POST","url":"/api/v1/generate-metadata"}
2024-11-10T20:56:31.168Z [INFO] - Request - POST /api/v1/generate-metadata {"apiKey":"unknown","method":"POST","url":"/api/v1/generate-metadata"}
2024-11-10T20:57:29.391Z [INFO] - Request - POST /api/v1/generate-metadata {"apiKey":"unknown","method":"POST","url":"/api/v1/generate-metadata"}
2024-11-10T20:57:45.387Z [INFO] - Request - POST /api/v1/generate-metadata {"apiKey":"unknown","method":"POST","url":"/api/v1/generate-metadata"}
2024-11-10T20:58:30.837Z [INFO] - Request - POST /api/v1/generate-metadata {"apiKey":"unknown","method":"POST","url":"/api/v1/generate-metadata"}
2024-11-10T20:58:44.698Z [INFO] - Request - POST /api/v1/generate-metadata {"apiKey":"unknown","method":"POST","url":"/api/v1/generate-metadata"}
2024-11-10T21:05:09.767Z [INFO] - Request - POST /api/v1/generate-metadata {"apiKey":"unknown","method":"POST","url":"/api/v1/generate-metadata"}
2024-11-10T21:05:23.481Z [INFO] - Request - POST /api/v1/generate-metadata {"apiKey":"unknown","method":"POST","url":"/api/v1/generate-metadata"}
2024-11-11T19:05:37.671Z [INFO] - Request - POST /api/v1/generate-metadata {"apiKey":"unknown","method":"POST","url":"/api/v1/generate-metadata"}
2024-11-11T19:05:52.349Z [INFO] - Request - POST /api/v1/generate-metadata {"apiKey":"unknown","method":"POST","url":"/api/v1/generate-metadata"}
2024-11-11T19:06:36.043Z [INFO] - Request - POST /api/v1/generate-metadata {"apiKey":"unknown","method":"POST","url":"/api/v1/generate-metadata"}
2024-11-11T19:07:30.535Z [INFO] - Request - POST /api/v1/generate-metadata {"apiKey":"unknown","method":"POST","url":"/api/v1/generate-metadata"}
2024-11-11T19:09:02.916Z [INFO] - Request - POST /api/v1/generate-metadata {"apiKey":"unknown","method":"POST","url":"/api/v1/generate-metadata"}
2024-11-11T19:11:15.634Z [INFO] - Request - POST /api/v1/generate-metadata {"apiKey":"unknown","method":"POST","url":"/api/v1/generate-metadata"}
2024-11-11T19:15:35.907Z [INFO] - Request - POST /api/v1/generate-metadata {"apiKey":"unknown","method":"POST","url":"/api/v1/generate-metadata"}
2024-11-11T19:15:46.034Z [INFO] - Request - POST /api/v1/generate-metadata {"apiKey":"unknown","method":"POST","url":"/api/v1/generate-metadata"}
2024-11-11T19:15:57.426Z [INFO] - Request - POST /api/v1/generate-metadata {"apiKey":"unknown","method":"POST","url":"/api/v1/generate-metadata"}
2024-11-11T19:16:11.684Z [INFO] - Request - POST /api/v1/generate-metadata {"apiKey":"unknown","method":"POST","url":"/api/v1/generate-metadata"}
2024-11-11T19:30:35.850Z [INFO] - Request - POST /api/v1/generate-metadata {"apiKey":"unknown","method":"POST","url":"/api/v1/generate-metadata"}
2024-11-11T19:59:09.483Z [INFO] - Request - POST /api/v1/generate-metadata {"apiKey":"unknown","method":"POST","url":"/api/v1/generate-metadata"}
2024-11-11T20:00:04.917Z [INFO] - Request - POST /api/v1/generate-metadata {"apiKey":"unknown","method":"POST","url":"/api/v1/generate-metadata"}
2024-11-11T20:04:14.148Z [INFO] - Request - POST /api/v1/generate-metadata {"apiKey":"unknown","method":"POST","url":"/api/v1/generate-metadata"}
2024-11-11T20:05:18.865Z [INFO] - Request - POST /api/v1/generate-metadata {"apiKey":"unknown","method":"POST","url":"/api/v1/generate-metadata"}
2024-11-11T20:07:47.154Z [INFO] - Request - POST /api/v1/generate-metadata {"apiKey":"unknown","method":"POST","url":"/api/v1/generate-metadata"}
2024-11-11T20:09:06.447Z [INFO] - Request - POST /api/v1/generate-metadata {"apiKey":"unknown","method":"POST","url":"/api/v1/generate-metadata"}
2024-11-11T20:11:20.988Z [INFO] - Request - POST /api/v1/generate-metadata {"apiKey":"unknown","method":"POST","url":"/api/v1/generate-metadata"}
2024-11-11T20:11:53.990Z [INFO] - Request - POST /api/v1/generate-metadata {"apiKey":"unknown","method":"POST","url":"/api/v1/generate-metadata"}
2024-11-12T18:53:45.812Z [INFO] - Request - POST /api/v1/generate-metadata {"apiKey":"unknown","method":"POST","url":"/api/v1/generate-metadata"}
2024-11-12T18:54:09.226Z [INFO] - Request - POST /api/v1/generate-metadata {"apiKey":"unknown","method":"POST","url":"/api/v1/generate-metadata"}
2024-11-12T18:54:20.083Z [INFO] - Request - POST /api/v1/generate-metadata {"apiKey":"unknown","method":"POST","url":"/api/v1/generate-metadata"}
2024-11-12T18:55:23.324Z [INFO] - Request - POST /api/v1/generate-metadata {"apiKey":"unknown","method":"POST","url":"/api/v1/generate-metadata"}
2024-11-12T18:55:43.307Z [INFO] - Request - POST /api/v1/generate-metadata {"apiKey":"unknown","method":"POST","url":"/api/v1/generate-metadata"}
2024-11-12T19:01:24.605Z [INFO] - Request - POST /api/v1/generate-metadata {"apiKey":"unknown","method":"POST","url":"/api/v1/generate-metadata"}
2024-11-12T19:04:16.972Z [INFO] - Request - POST /api/v1/generate-metadata {"apiKey":"unknown","method":"POST","url":"/api/v1/generate-metadata"}
2024-11-12T19:24:37.120Z [INFO] - Request - GET / {"apiKey":"unknown","method":"GET","url":"/"}
2024-11-12T19:24:40.909Z [INFO] - Request - GET /api/v1 {"apiKey":"unknown","method":"GET","url":"/api/v1"}
2024-11-13T06:57:00.893Z [INFO] - Request - GET /api/v1/scan-files/progress {"apiKey":"unknown","method":"GET","url":"/api/v1/scan-files/progress"}
2024-11-13T06:57:08.680Z [INFO] - Request - GET /api/v1/generate-metadata {"apiKey":"unknown","method":"GET","url":"/api/v1/generate-metadata"}
2024-11-13T06:57:21.402Z [INFO] - Request - GET /api/v1/generate-metadata {"apiKey":"unknown","method":"GET","url":"/api/v1/generate-metadata"}
2024-11-13T06:58:36.529Z [INFO] - Request - POST /api/v1/generate-metadata {"apiKey":"unknown","method":"POST","url":"/api/v1/generate-metadata"}
2024-11-13T06:59:12.143Z [INFO] - Request - POST /api/v1/generate-metadata {"apiKey":"unknown","method":"POST","url":"/api/v1/generate-metadata"}
2024-11-13T06:59:57.576Z [INFO] - Request - POST /api/v1/generate-metadata {"apiKey":"unknown","method":"POST","url":"/api/v1/generate-metadata"}
2024-11-13T07:00:21.633Z [INFO] - Request - POST /api/v1/generate-metadata {"apiKey":"unknown","method":"POST","url":"/api/v1/generate-metadata"}
2024-11-13T07:17:21.784Z [INFO] - Request - POST /api/v1/generate-metadata {"apiKey":"unknown","method":"POST","url":"/api/v1/generate-metadata"}
2024-11-13T07:18:27.026Z [ERROR] - Error - Expected double-quoted property name in JSON at position 136 {"apiKey":"unknown","method":"POST","url":"/api/v1/generate-metadata","stack":"SyntaxError: Expected double-quoted property name in JSON at position 136\n    at JSON.parse (<anonymous>)\n    at parse (/Users/alken/Projects/01 - dester/js-server/node_modules/.pnpm/body-parser@1.20.2/node_modules/body-parser/lib/types/json.js:92:19)\n    at /Users/alken/Projects/01 - dester/js-server/node_modules/.pnpm/body-parser@1.20.2/node_modules/body-parser/lib/read.js:128:18\n    at AsyncResource.runInAsyncScope (node:async_hooks:206:9)\n    at invokeCallback (/Users/alken/Projects/01 - dester/js-server/node_modules/.pnpm/raw-body@2.5.2/node_modules/raw-body/index.js:238:16)\n    at done (/Users/alken/Projects/01 - dester/js-server/node_modules/.pnpm/raw-body@2.5.2/node_modules/raw-body/index.js:227:7)\n    at IncomingMessage.onEnd (/Users/alken/Projects/01 - dester/js-server/node_modules/.pnpm/raw-body@2.5.2/node_modules/raw-body/index.js:287:7)\n    at IncomingMessage.emit (node:events:519:28)\n    at endReadableNT (node:internal/streams/readable:1696:12)\n    at process.processTicksAndRejections (node:internal/process/task_queues:82:21)"}
2024-11-13T07:18:34.336Z [INFO] - Request - POST /api/v1/generate-metadata {"apiKey":"unknown","method":"POST","url":"/api/v1/generate-metadata"}
2024-11-13T07:33:25.879Z [INFO] - Request - POST /api/v1/generate-metadata {"apiKey":"unknown","method":"POST","url":"/api/v1/generate-metadata"}
2024-11-14T19:01:22.374Z [INFO] - Request - GET / {"apiKey":"unknown","method":"GET","url":"/"}
2024-11-14T19:01:42.313Z [INFO] - Request - POST /api/v1/generate-metadata {"apiKey":"unknown","method":"POST","url":"/api/v1/generate-metadata"}
2024-11-14T19:02:22.932Z [INFO] - Request - POST /api/v1/generate-metadata {"apiKey":"unknown","method":"POST","url":"/api/v1/generate-metadata"}
2024-11-14T19:20:58.928Z [INFO] - Request - GET /api/v1/scan-files {"apiKey":"unknown","method":"GET","url":"/api/v1/scan-files"}
2024-11-14T19:21:04.785Z [INFO] - Request - GET /api/v1/metadata {"apiKey":"unknown","method":"GET","url":"/api/v1/metadata"}
2024-11-14T19:21:11.654Z [INFO] - Request - GET /api/v1/metadata/123 {"apiKey":"unknown","method":"GET","url":"/api/v1/metadata/123"}
2024-11-14T19:21:11.719Z [INFO] - Request - GET /favicon.ico {"apiKey":"unknown","method":"GET","url":"/favicon.ico"}
2024-11-14T19:25:13.485Z [INFO] - Request - GET /api/v1/metadata/123?collectionName=avengers {"apiKey":"unknown","method":"GET","url":"/api/v1/metadata/123?collectionName=avengers"}
2024-11-14T19:26:50.708Z [INFO] - Request - GET /api/v1/metadata/123?collectionName=avengers {"apiKey":"unknown","method":"GET","url":"/api/v1/metadata/123?collectionName=avengers"}
2024-11-14T19:27:05.668Z [INFO] - Request - GET /api/v1/metadata/123?collectionName=avengers {"apiKey":"unknown","method":"GET","url":"/api/v1/metadata/123?collectionName=avengers"}
2024-11-14T19:28:11.325Z [INFO] - Request - GET /api/v1/metadata/123?collectionName=avengers {"apiKey":"unknown","method":"GET","url":"/api/v1/metadata/123?collectionName=avengers"}
2024-11-14T19:30:15.950Z [INFO] - Request - GET /api/v1/metadata/123?collectionName=avengers {"apiKey":"unknown","method":"GET","url":"/api/v1/metadata/123?collectionName=avengers"}
2024-11-14T19:30:29.831Z [INFO] - Request - GET /api/v1/metadata/348?collectionName=avengers {"apiKey":"unknown","method":"GET","url":"/api/v1/metadata/348?collectionName=avengers"}
2024-11-14T19:57:11.745Z [INFO] - Request - POST /api/v1/generate-metadata {"apiKey":"unknown","method":"POST","url":"/api/v1/generate-metadata"}
2024-11-14T20:13:54.163Z [INFO] - Request - POST /api/v1/generate-metadata {"apiKey":"unknown","method":"POST","url":"/api/v1/generate-metadata"}
2024-11-15T15:06:45.405Z [INFO] - Request - POST /api/v1/generate-metadata {"apiKey":"unknown","method":"POST","url":"/api/v1/generate-metadata"}
2024-11-15T15:09:14.465Z [INFO] - Request - POST /api/v1/generate-metadata {"apiKey":"unknown","method":"POST","url":"/api/v1/generate-metadata"}
